<?xml version="1.0" encoding="UTF-8"?>
<coverage generated="1546895879535" clover="3.2.0">
  <project timestamp="1546895879535" name="All files">
    <metrics statements="40" coveredstatements="26" conditionals="8" coveredconditionals="2" methods="16" coveredmethods="7" elements="64" coveredelements="35" complexity="0" loc="40" ncloc="40" packages="3" files="5" classes="5">
      <package name="client.src">
        <metrics statements="20" coveredstatements="11" conditionals="8" coveredconditionals="2" methods="10" coveredmethods="6"/>
        <file name="App.js" path="/Users/joeboulos/Documents/javascript/FEC-joes-services/joes-services/client/src/App.js">
          <metrics statements="20" coveredstatements="11" conditionals="8" coveredconditionals="2" methods="10" coveredmethods="6"/>
          <line num="9" count="5" type="stmt"/>
          <line num="10" count="5" type="stmt"/>
          <line num="21" count="8" type="stmt"/>
          <line num="22" count="0" type="stmt"/>
          <line num="24" count="0" type="stmt"/>
          <line num="29" count="8" type="stmt"/>
          <line num="33" count="8" type="stmt"/>
          <line num="34" count="0" type="stmt"/>
          <line num="36" count="0" type="stmt"/>
          <line num="41" count="8" type="stmt"/>
          <line num="50" count="6" type="stmt"/>
          <line num="51" count="6" type="cond" truecount="1" falsecount="1"/>
          <line num="52" count="0" type="stmt"/>
          <line num="67" count="6" type="cond" truecount="1" falsecount="1"/>
          <line num="68" count="6" type="stmt"/>
          <line num="76" count="0" type="cond" truecount="0" falsecount="2"/>
          <line num="77" count="0" type="stmt"/>
          <line num="85" count="0" type="cond" truecount="0" falsecount="2"/>
          <line num="86" count="0" type="stmt"/>
          <line num="98" count="5" type="stmt"/>
        </file>
      </package>
      <package name="client.src.components">
        <metrics statements="12" coveredstatements="7" conditionals="0" coveredconditionals="0" methods="6" coveredmethods="1"/>
        <file name="Feed.js" path="/Users/joeboulos/Documents/javascript/FEC-joes-services/joes-services/client/src/components/Feed.js">
          <metrics statements="4" coveredstatements="2" conditionals="0" coveredconditionals="0" methods="2" coveredmethods="0"/>
          <line num="3" count="1" type="stmt"/>
          <line num="10" count="1" type="stmt"/>
          <line num="12" count="0" type="stmt"/>
          <line num="15" count="0" type="stmt"/>
        </file>
        <file name="Schedule.js" path="/Users/joeboulos/Documents/javascript/FEC-joes-services/joes-services/client/src/components/Schedule.js">
          <metrics statements="4" coveredstatements="3" conditionals="0" coveredconditionals="0" methods="2" coveredmethods="1"/>
          <line num="3" count="1" type="stmt"/>
          <line num="10" count="1" type="stmt"/>
          <line num="11" count="4" type="stmt"/>
          <line num="76" count="0" type="stmt"/>
        </file>
        <file name="SidebarSchedule.js" path="/Users/joeboulos/Documents/javascript/FEC-joes-services/joes-services/client/src/components/SidebarSchedule.js">
          <metrics statements="4" coveredstatements="2" conditionals="0" coveredconditionals="0" methods="2" coveredmethods="0"/>
          <line num="3" count="1" type="stmt"/>
          <line num="11" count="1" type="stmt"/>
          <line num="12" count="0" type="stmt"/>
          <line num="18" count="0" type="stmt"/>
        </file>
      </package>
      <package name="test">
        <metrics statements="8" coveredstatements="8" conditionals="0" coveredconditionals="0" methods="0" coveredmethods="0"/>
        <file name="setup.js" path="/Users/joeboulos/Documents/javascript/FEC-joes-services/joes-services/test/setup.js">
          <metrics statements="8" coveredstatements="8" conditionals="0" coveredconditionals="0" methods="0" coveredmethods="0"/>
          <line num="11" count="1" type="stmt"/>
          <line num="12" count="1" type="stmt"/>
          <line num="14" count="1" type="stmt"/>
          <line num="15" count="1" type="stmt"/>
          <line num="16" count="1" type="stmt"/>
          <line num="17" count="1" type="stmt"/>
          <line num="18" count="1" type="stmt"/>
          <line num="19" count="1" type="stmt"/>
        </file>
      </package>
    </metrics>
  </project>
</coverage>
